<?xml version="1.0" encoding="UTF-8"?>
<!-- Generated by org.testng.reporters.JUnitXMLReporter -->
<testsuite ignored="0" hostname="omuniverse" failures="0" tests="1" name="Default test" time="0.085" errors="0" timestamp="2022-10-08T12:10:40 IST">
  <testcase classname="mavenPack.VarifyInstagramLoginButton" name="@BeforeTest launchBrowser" time="-1.665211240036E9">
    <failure type="org.testng.TestNGException" message="
Parameter &amp;apos;browser&amp;apos; is required by BeforeTest on method launchBrowser but has not been marked @Optional or defined
in C:\Users\dell\AppData\Local\Temp\testng-eclipse--612090571\testng-customsuite.xml">
      <![CDATA[org.testng.TestNGException: 
Parameter 'browser' is required by BeforeTest on method launchBrowser but has not been marked @Optional or defined
in C:\Users\dell\AppData\Local\Temp\testng-eclipse--612090571\testng-customsuite.xml
at org.testng.internal.Parameters.createParams(Parameters.java:270)
at org.testng.internal.Parameters.createParametersForMethod(Parameters.java:358)
at org.testng.internal.Parameters.createParameters(Parameters.java:700)
at org.testng.internal.Parameters.createConfigurationParameters(Parameters.java:168)
at org.testng.internal.ConfigInvoker.invokeConfigurations(ConfigInvoker.java:302)
at org.testng.TestRunner.invokeTestConfigurations(TestRunner.java:637)
at org.testng.TestRunner.beforeRun(TestRunner.java:627)
at org.testng.TestRunner.run(TestRunner.java:589)
at org.testng.SuiteRunner.runTest(SuiteRunner.java:377)
at org.testng.SuiteRunner.runSequentially(SuiteRunner.java:371)
at org.testng.SuiteRunner.privateRun(SuiteRunner.java:332)
at org.testng.SuiteRunner.run(SuiteRunner.java:276)
at org.testng.SuiteRunnerWorker.runSuite(SuiteRunnerWorker.java:53)
at org.testng.SuiteRunnerWorker.run(SuiteRunnerWorker.java:96)
at org.testng.TestNG.runSuitesSequentially(TestNG.java:1212)
at org.testng.TestNG.runSuitesLocally(TestNG.java:1134)
at org.testng.TestNG.runSuites(TestNG.java:1063)
at org.testng.TestNG.run(TestNG.java:1031)
at org.testng.remote.AbstractRemoteTestNG.run(AbstractRemoteTestNG.java:115)
at org.testng.remote.RemoteTestNG.initAndRun(RemoteTestNG.java:251)
at org.testng.remote.RemoteTestNG.main(RemoteTestNG.java:77)
]]>
    </failure>
  </testcase> <!-- @BeforeTest launchBrowser -->
  <testcase classname="mavenPack.VarifyInstagramLoginButton" name="@BeforeClass createPOMObjects" time="-1.665211240071E9">
    <skipped/>
  </testcase> <!-- @BeforeClass createPOMObjects -->
  <testcase classname="mavenPack.VarifyInstagramLoginButton" name="@BeforeMethod openInstagramLogInPage" time="-1.665211240093E9">
    <skipped/>
  </testcase> <!-- @BeforeMethod openInstagramLogInPage -->
  <testcase classname="mavenPack.VarifyInstagramLoginButton" name="@AfterMethod logout" time="-1.665211240103E9">
    <skipped/>
  </testcase> <!-- @AfterMethod logout -->
  <testcase classname="mavenPack.VarifyInstagramLoginButton" name="@AfterClass closePOMObjects" time="-1.665211240107E9">
    <skipped/>
  </testcase> <!-- @AfterClass closePOMObjects -->
  <testcase classname="mavenPack.VarifyInstagramLoginButton" name="@AfterTest closeBrowser" time="-1.665211240113E9">
    <skipped/>
  </testcase> <!-- @AfterTest closeBrowser -->
  <testcase classname="mavenPack.VarifyInstagramLoginButton" name="verifyLogInButton" time="0.0">
    <skipped/>
  </testcase> <!-- verifyLogInButton -->
</testsuite> <!-- Default test -->
