<?xml version="1.0" encoding="UTF-8"?>
<!-- Generated by org.testng.reporters.JUnitXMLReporter -->
<testsuite ignored="0" hostname="omuniverse" failures="1" tests="3" name="Test123" time="31.48" errors="0" timestamp="2022-09-28T12:16:03 IST">
  <testcase classname="mavenPack.VarifyInstagramLoginButton" name="verifyLogInButton" time="0.008">
    <failure type="java.lang.AssertionError" message="Test step is failed expected [https://www.instagram.] but found [https://www.instagram.com/]">
      <![CDATA[java.lang.AssertionError: Test step is failed expected [https://www.instagram.] but found [https://www.instagram.com/]
at mavenPack.VarifyInstagramLoginButton.verifyLogInButton(VarifyInstagramLoginButton.java:66)
at java.base/java.util.ArrayList.forEach(ArrayList.java:1511)
... Removed 32 stack frames]]>
    </failure>
  </testcase> <!-- verifyLogInButton -->
  <testcase classname="mavenPack.VarifyRoomsPage" name="varifyReturnToMessengerButton" time="5.661"/>
  <testcase classname="mavenPack.VarifyRoomsPage" name="varifyVisitOurHelpCenterButton" time="2.063"/>
</testsuite> <!-- Test123 -->
